PoliticalWidgets_Busted/app/build/outputs/logs/manifest-merger-debug-report.txt
-- Merging decision tree log ---
manifest
ADDED from src/main/AndroidManifest.xml:2:1-99:12
	package
		ADDED from src/main/AndroidManifest.xml:3:11-58
		INJECTED from src/main/AndroidManifest.xml
		INJECTED from src/main/AndroidManifest.xml
	xmlns:android
		ADDED from src/main/AndroidManifest.xml:2:11-69
uses-permission#android.permission.INTERNET
ADDED from src/main/AndroidManifest.xml:6:5-66
	android:name
		ADDED from src/main/AndroidManifest.xml:6:22-64
uses-permission#android.permission.ACCESS_NETWORK_STATE
ADDED from src/main/AndroidManifest.xml:7:5-78
	android:name
		ADDED from src/main/AndroidManifest.xml:7:22-76
application
ADDED from src/main/AndroidManifest.xml:9:5-97:19
	android:label
		ADDED from src/main/AndroidManifest.xml:12:9-41
	android:allowBackup
		ADDED from src/main/AndroidManifest.xml:10:9-35
	android:icon
		ADDED from src/main/AndroidManifest.xml:11:9-45
	android:theme
		ADDED from src/main/AndroidManifest.xml:13:9-74
activity#com.fullsail.android.politicalwidgets.MainActivity
ADDED from src/main/AndroidManifest.xml:15:9-23:20
	android:label
		ADDED from src/main/AndroidManifest.xml:17:13-45
	android:name
		ADDED from src/main/AndroidManifest.xml:16:13-41
intent-filter#android.intent.action.MAIN+android.intent.category.LAUNCHER
ADDED from src/main/AndroidManifest.xml:18:13-22:29
action#android.intent.action.MAIN
ADDED from src/main/AndroidManifest.xml:19:17-68
	android:name
		ADDED from src/main/AndroidManifest.xml:19:25-66
category#android.intent.category.LAUNCHER
ADDED from src/main/AndroidManifest.xml:21:17-76
	android:name
		ADDED from src/main/AndroidManifest.xml:21:27-74
activity#com.fullsail.android.politicalwidgets.VotingHistoryActivity
ADDED from src/main/AndroidManifest.xml:26:9-30:20
	android:label
		ADDED from src/main/AndroidManifest.xml:28:13-41
	android:name
		ADDED from src/main/AndroidManifest.xml:27:13-50
activity#com.fullsail.android.politicalwidgets.VoteInfoActivity
ADDED from src/main/AndroidManifest.xml:33:9-37:20
	android:label
		ADDED from src/main/AndroidManifest.xml:35:13-38
	android:name
		ADDED from src/main/AndroidManifest.xml:34:13-45
activity#com.fullsail.android.politicalwidgets.widgets.PoliticianWidgetConfigureActivity
ADDED from src/main/AndroidManifest.xml:40:9-46:20
	android:label
		ADDED from src/main/AndroidManifest.xml:42:13-38
	android:name
		ADDED from src/main/AndroidManifest.xml:41:13-70
intent-filter#android.appwidget.action.APPWIDGET_CONFIGURE
ADDED from src/main/AndroidManifest.xml:43:13-45:29
action#android.appwidget.action.APPWIDGET_CONFIGURE
ADDED from src/main/AndroidManifest.xml:44:17-86
	android:name
		ADDED from src/main/AndroidManifest.xml:44:25-84
activity#com.fullsail.android.politicalwidgets.widgets.VoteHistoryWidgetConfigureActivity
ADDED from src/main/AndroidManifest.xml:48:9-54:20
	android:label
		ADDED from src/main/AndroidManifest.xml:50:13-38
	android:name
		ADDED from src/main/AndroidManifest.xml:49:13-71
receiver#com.fullsail.android.politicalwidgets.widgets.PoliticianWidget
ADDED from src/main/AndroidManifest.xml:57:9-67:20
	android:exported
		ADDED from src/main/AndroidManifest.xml:59:13-36
	android:name
		ADDED from src/main/AndroidManifest.xml:58:13-53
intent-filter#android.appwidget.action.APPWIDGET_UPDATE
ADDED from src/main/AndroidManifest.xml:60:13-62:29
action#android.appwidget.action.APPWIDGET_UPDATE
ADDED from src/main/AndroidManifest.xml:61:17-83
	android:name
		ADDED from src/main/AndroidManifest.xml:61:25-81
meta-data#android.appwidget.provider
ADDED from src/main/AndroidManifest.xml:64:13-66:65
	android:resource
		ADDED from src/main/AndroidManifest.xml:66:17-63
	android:name
		ADDED from src/main/AndroidManifest.xml:65:17-58
receiver#com.fullsail.android.politicalwidgets.widgets.VoteHistoryWidget
ADDED from src/main/AndroidManifest.xml:71:9-79:20
	android:name
		ADDED from src/main/AndroidManifest.xml:71:19-60
service#com.fullsail.android.politicalwidgets.FavoriteSaverService
ADDED from src/main/AndroidManifest.xml:82:9-56
	android:name
		ADDED from src/main/AndroidManifest.xml:82:18-54
service#com.fullsail.android.politicalwidgets.widgets.ListWidgetService
ADDED from src/main/AndroidManifest.xml:84:9-86:71
	android:permission
		ADDED from src/main/AndroidManifest.xml:86:13-69
	android:name
		ADDED from src/main/AndroidManifest.xml:85:13-54
receiver#com.fullsail.android.politicalwidgets.WidgetUpdater
ADDED from src/main/AndroidManifest.xml:88:9-95:20
	android:exported
		ADDED from src/main/AndroidManifest.xml:89:13-36
	android:name
		ADDED from src/main/AndroidManifest.xml:88:19-48
intent-filter#com.fullsail.android.politicalwidgets.ACTION_UPDATE_WIDGETS
ADDED from src/main/AndroidManifest.xml:91:13-93:29
action#com.fullsail.android.politicalwidgets.ACTION_UPDATE_WIDGETS
ADDED from src/main/AndroidManifest.xml:92:17-101
	android:name
		ADDED from src/main/AndroidManifest.xml:92:25-99
uses-sdk
INJECTED from src/main/AndroidManifest.xml reason: use-sdk injection requested
	android:targetSdkVersion
		INJECTED from src/main/AndroidManifest.xml
		INJECTED from src/main/AndroidManifest.xml
	android:minSdkVersion
		INJECTED from src/main/AndroidManifest.xml
		INJECTED from src/main/AndroidManifest.xml